<?xml version="1.0" encoding="UTF-8"?>
<TestRun id="5f309a8e-de3f-4739-8a83-cb7d1ef66834" name="sandovlu@SANDOVLU2 2014-08-08 11:07:22" runUser="AMERICAS\sandovlu" xmlns="http://microsoft.com/schemas/VisualStudio/TeamTest/2010">
  <TestSettings name="Local" id="0fda92f3-4914-4cb8-8df3-31deca771d1f">
    <Description>These are default test settings for a local test run.</Description>
    <Deployment enabled="false" runDeploymentRoot="sandovlu_SANDOVLU2 2014-08-08 11_07_22" />
    <Execution>
      <TestTypeSpecific />
      <AgentRule name="Execution Agents">
      </AgentRule>
    </Execution>
  </TestSettings>
  <Times creation="2014-08-08T11:07:22.9668469-05:00" queuing="2014-08-08T11:07:23.0028505-05:00" start="2014-08-08T11:07:23.0098512-05:00" finish="2014-08-08T11:07:24.5320034-05:00" />
  <ResultSummary outcome="Completed">
    <Counters total="1" executed="1" passed="1" error="0" failed="0" timeout="0" aborted="0" inconclusive="0" passedButRunAborted="0" notRunnable="0" notExecuted="0" disconnected="0" warning="0" completed="0" inProgress="0" pending="0" />
  </ResultSummary>
  <TestDefinitions>
    <UnitTest name="obtenerInstitucionRUC" storage="d:\workspaces\wkspring\gitproyectoupc\proyecto\zoologico\bin\debug\zoologico.dll" id="ac567664-e6ff-8d21-c441-265c97ab8296">
      <Execution id="ed474c89-1168-4c19-9902-81da5c477f50" />
      <TestMethod codeBase="D:/workspaces/wkSpring/gitProyectoUPC/Proyecto/Zoologico/bin/Debug/Zoologico.DLL" adapterTypeName="Microsoft.VisualStudio.TestTools.TestTypes.Unit.UnitTestAdapter, Microsoft.VisualStudio.QualityTools.Tips.UnitTest.Adapter, Version=10.0.0.0, Culture=neutral, PublicKeyToken=b03f5f7f11d50a3a" className="Zoologico.UnitTest1, Zoologico, Version=1.0.0.0, Culture=neutral, PublicKeyToken=null" name="obtenerInstitucionRUC" />
    </UnitTest>
  </TestDefinitions>
  <TestLists>
    <TestList name="Resultados que no están en la lista" id="8c84fa94-04c1-424b-9868-57a2d4851a1d" />
    <TestList name="Todos los resultados cargados" id="19431567-8539-422a-85d7-44ee4e166bda" />
  </TestLists>
  <TestEntries>
    <TestEntry testId="ac567664-e6ff-8d21-c441-265c97ab8296" executionId="ed474c89-1168-4c19-9902-81da5c477f50" testListId="8c84fa94-04c1-424b-9868-57a2d4851a1d" />
  </TestEntries>
  <Results>
    <UnitTestResult executionId="ed474c89-1168-4c19-9902-81da5c477f50" testId="ac567664-e6ff-8d21-c441-265c97ab8296" testName="obtenerInstitucionRUC" computerName="SANDOVLU2" duration="00:00:01.1524281" startTime="2014-08-08T11:07:23.0148517-05:00" endTime="2014-08-08T11:07:24.5030005-05:00" testType="13cdc9d9-ddb5-4fa4-a97d-d965ccfc6d4b" outcome="Passed" testListId="8c84fa94-04c1-424b-9868-57a2d4851a1d" relativeResultsDirectory="ed474c89-1168-4c19-9902-81da5c477f50">
    </UnitTestResult>
  </Results>
</TestRun>