<?xml version="1.0" encoding="UTF-8"?>
<TestRun id="33010321-fe8e-4fe5-93f3-15c5e93f889b" name="sandovlu@SANDOVLU2 2014-08-07 15:45:26" runUser="AMERICAS\sandovlu" xmlns="http://microsoft.com/schemas/VisualStudio/TeamTest/2010">
  <TestSettings name="Local" id="0fda92f3-4914-4cb8-8df3-31deca771d1f">
    <Description>These are default test settings for a local test run.</Description>
    <Deployment enabled="false" runDeploymentRoot="sandovlu_SANDOVLU2 2014-08-07 15_45_26" />
    <Execution>
      <TestTypeSpecific />
      <AgentRule name="Execution Agents">
      </AgentRule>
    </Execution>
  </TestSettings>
  <Times creation="2014-08-07T15:45:26.0309264-05:00" queuing="2014-08-07T15:45:26.3729606-05:00" start="2014-08-07T15:45:26.4169650-05:00" finish="2014-08-07T15:45:28.2881521-05:00" />
  <ResultSummary outcome="Failed">
    <Counters total="1" executed="1" error="0" failed="1" timeout="0" aborted="0" inconclusive="0" passedButRunAborted="0" notRunnable="0" notExecuted="0" disconnected="0" warning="0" passed="0" completed="0" inProgress="0" pending="0" />
  </ResultSummary>
  <TestDefinitions>
    <UnitTest name="ListarReserva" storage="d:\workspaces\wkspring\gitproyectoupc\proyecto\zoologico\bin\debug\zoologico.dll" id="0b853264-5142-3363-e6c0-9e1f4969e1c8">
      <Execution id="7ba913ae-d094-4fa8-9ccb-48a944e87d50" />
      <TestMethod codeBase="D:/workspaces/wkSpring/gitProyectoUPC/Proyecto/Zoologico/bin/Debug/Zoologico.DLL" adapterTypeName="Microsoft.VisualStudio.TestTools.TestTypes.Unit.UnitTestAdapter, Microsoft.VisualStudio.QualityTools.Tips.UnitTest.Adapter, Version=10.0.0.0, Culture=neutral, PublicKeyToken=b03f5f7f11d50a3a" className="Zoologico.RESTUnitTests, Zoologico, Version=1.0.0.0, Culture=neutral, PublicKeyToken=null" name="ListarReserva" />
    </UnitTest>
  </TestDefinitions>
  <TestLists>
    <TestList name="Resultados que no están en la lista" id="8c84fa94-04c1-424b-9868-57a2d4851a1d" />
    <TestList name="Todos los resultados cargados" id="19431567-8539-422a-85d7-44ee4e166bda" />
  </TestLists>
  <TestEntries>
    <TestEntry testId="0b853264-5142-3363-e6c0-9e1f4969e1c8" executionId="7ba913ae-d094-4fa8-9ccb-48a944e87d50" testListId="8c84fa94-04c1-424b-9868-57a2d4851a1d" />
  </TestEntries>
  <Results>
    <UnitTestResult executionId="7ba913ae-d094-4fa8-9ccb-48a944e87d50" testId="0b853264-5142-3363-e6c0-9e1f4969e1c8" testName="ListarReserva" computerName="SANDOVLU2" duration="00:00:01.2659025" startTime="2014-08-07T15:45:26.4399673-05:00" endTime="2014-08-07T15:45:28.2261459-05:00" testType="13cdc9d9-ddb5-4fa4-a97d-d965ccfc6d4b" outcome="Failed" testListId="8c84fa94-04c1-424b-9868-57a2d4851a1d" relativeResultsDirectory="7ba913ae-d094-4fa8-9ccb-48a944e87d50">
      <Output>
        <ErrorInfo>
          <Message>Test method Zoologico.RESTUnitTests.ListarReserva threw exception: 
System.Exception: 12-06-2012 is not a valid value for Int32. ---&gt; System.FormatException: Input string was not in a correct format.</Message>
          <StackTrace>    at System.Number.StringToNumber(String str, NumberStyles options, NumberBuffer&amp; number, NumberFormatInfo info, Boolean parseDecimal)
   at System.Number.ParseInt32(String s, NumberStyles style, NumberFormatInfo info)
   at System.ComponentModel.Int32Converter.FromString(String value, NumberFormatInfo formatInfo)
   at System.ComponentModel.BaseNumberConverter.ConvertFrom(ITypeDescriptorContext context, CultureInfo culture, Object value)
 --- End of inner exception stack trace ---
    at System.ComponentModel.BaseNumberConverter.ConvertFrom(ITypeDescriptorContext context, CultureInfo culture, Object value)
   at System.Web.Script.Serialization.ObjectConverter.ConvertObjectToTypeInternal(Object o, Type type, JavaScriptSerializer serializer, Boolean throwOnError, Object&amp; convertedObject)
   at System.Web.Script.Serialization.ObjectConverter.ConvertObjectToTypeMain(Object o, Type type, JavaScriptSerializer serializer, Boolean throwOnError, Object&amp; convertedObject)
   at System.Web.Script.Serialization.ObjectConverter.AssignToPropertyOrField(Object propertyValue, Object o, String memberName, JavaScriptSerializer serializer, Boolean throwOnError)
   at System.Web.Script.Serialization.ObjectConverter.ConvertDictionaryToObject(IDictionary`2 dictionary, Type type, JavaScriptSerializer serializer, Boolean throwOnError, Object&amp; convertedObject)
   at System.Web.Script.Serialization.ObjectConverter.ConvertObjectToTypeInternal(Object o, Type type, JavaScriptSerializer serializer, Boolean throwOnError, Object&amp; convertedObject)
   at System.Web.Script.Serialization.ObjectConverter.ConvertObjectToTypeMain(Object o, Type type, JavaScriptSerializer serializer, Boolean throwOnError, Object&amp; convertedObject)
   at System.Web.Script.Serialization.ObjectConverter.AddItemToList(IList oldList, IList newList, Type elementType, JavaScriptSerializer serializer, Boolean throwOnError)
   at System.Web.Script.Serialization.ObjectConverter.ConvertListToObject(IList list, Type type, JavaScriptSerializer serializer, Boolean throwOnError, IList&amp; convertedList)
   at System.Web.Script.Serialization.ObjectConverter.ConvertObjectToTypeInternal(Object o, Type type, JavaScriptSerializer serializer, Boolean throwOnError, Object&amp; convertedObject)
   at System.Web.Script.Serialization.ObjectConverter.ConvertObjectToTypeMain(Object o, Type type, JavaScriptSerializer serializer, Boolean throwOnError, Object&amp; convertedObject)
   at System.Web.Script.Serialization.JavaScriptSerializer.Deserialize(JavaScriptSerializer serializer, String input, Type type, Int32 depthLimit)
   at System.Web.Script.Serialization.JavaScriptSerializer.Deserialize[T](String input)
   at Zoologico.RESTUnitTests.ListarReserva() in D:\workspaces\wkSpring\gitProyectoUPC\Proyecto\Zoologico\RESTUnitTests.cs:line 62
</StackTrace>
        </ErrorInfo>
      </Output>
    </UnitTestResult>
  </Results>
</TestRun>