<?xml version="1.0" encoding="UTF-8"?>
<TestRun id="09a62544-0b70-4c9f-9d81-50cf5c2f5047" name="sandovlu@SANDOVLU2 2014-08-09 00:53:05" runUser="AMERICAS\sandovlu" xmlns="http://microsoft.com/schemas/VisualStudio/TeamTest/2010">
  <TestSettings name="Local" id="0fda92f3-4914-4cb8-8df3-31deca771d1f">
    <Description>These are default test settings for a local test run.</Description>
    <Deployment enabled="false" runDeploymentRoot="sandovlu_SANDOVLU2 2014-08-09 00_53_05" />
    <Execution>
      <TestTypeSpecific />
      <AgentRule name="Execution Agents">
      </AgentRule>
    </Execution>
  </TestSettings>
  <Times creation="2014-08-09T00:53:05.1831823-05:00" queuing="2014-08-09T00:53:05.2421233-05:00" start="2014-08-09T00:53:05.2521133-05:00" finish="2014-08-09T00:53:07.2810823-05:00" />
  <ResultSummary outcome="Failed">
    <Counters total="1" executed="1" error="0" failed="1" timeout="0" aborted="0" inconclusive="0" passedButRunAborted="0" notRunnable="0" notExecuted="0" disconnected="0" warning="0" passed="0" completed="0" inProgress="0" pending="0" />
  </ResultSummary>
  <TestDefinitions>
    <UnitTest name="CrearReservaBien" storage="d:\workspaces\wkspring\gitproyectoupc\proyecto\zoologico\bin\debug\zoologico.dll" id="3296ac5d-402a-8a4b-0056-07049bf7ebb5">
      <Execution id="263cd566-df00-4a2e-ba52-1bccdc2fab3d" />
      <TestMethod codeBase="D:/workspaces/wkSpring/gitProyectoUPC/Proyecto/Zoologico/bin/Debug/Zoologico.DLL" adapterTypeName="Microsoft.VisualStudio.TestTools.TestTypes.Unit.UnitTestAdapter, Microsoft.VisualStudio.QualityTools.Tips.UnitTest.Adapter, Version=10.0.0.0, Culture=neutral, PublicKeyToken=b03f5f7f11d50a3a" className="Zoologico.RESTUnitTests, Zoologico, Version=1.0.0.0, Culture=neutral, PublicKeyToken=null" name="CrearReservaBien" />
    </UnitTest>
  </TestDefinitions>
  <TestLists>
    <TestList name="Resultados que no están en la lista" id="8c84fa94-04c1-424b-9868-57a2d4851a1d" />
    <TestList name="Todos los resultados cargados" id="19431567-8539-422a-85d7-44ee4e166bda" />
  </TestLists>
  <TestEntries>
    <TestEntry testId="3296ac5d-402a-8a4b-0056-07049bf7ebb5" executionId="263cd566-df00-4a2e-ba52-1bccdc2fab3d" testListId="8c84fa94-04c1-424b-9868-57a2d4851a1d" />
  </TestEntries>
  <Results>
    <UnitTestResult executionId="263cd566-df00-4a2e-ba52-1bccdc2fab3d" testId="3296ac5d-402a-8a4b-0056-07049bf7ebb5" testName="CrearReservaBien" computerName="SANDOVLU2" duration="00:00:01.6310593" startTime="2014-08-09T00:53:05.2541113-05:00" endTime="2014-08-09T00:53:07.2421213-05:00" testType="13cdc9d9-ddb5-4fa4-a97d-d965ccfc6d4b" outcome="Failed" testListId="8c84fa94-04c1-424b-9868-57a2d4851a1d" relativeResultsDirectory="263cd566-df00-4a2e-ba52-1bccdc2fab3d">
      <Output>
        <ErrorInfo>
          <Message>Test method Zoologico.RESTUnitTests.CrearReservaBien threw exception: 
System.NullReferenceException: Object reference not set to an instance of an object.</Message>
          <StackTrace>    at Zoologico.RESTUnitTests.CrearReservaBien() in D:\workspaces\wkSpring\gitProyectoUPC\Proyecto\Zoologico\RESTUnitTests.cs:line 40
</StackTrace>
        </ErrorInfo>
      </Output>
    </UnitTestResult>
  </Results>
</TestRun>