<?xml version="1.0" encoding="UTF-8"?>
<TestRun id="50cb37bb-f851-495e-bc4c-1203f1b1a1b9" name="sandovlu@SANDOVLU2 2014-08-07 13:15:49" runUser="AMERICAS\sandovlu" xmlns="http://microsoft.com/schemas/VisualStudio/TeamTest/2010">
  <TestSettings name="Local" id="0fda92f3-4914-4cb8-8df3-31deca771d1f">
    <Description>These are default test settings for a local test run.</Description>
    <Deployment enabled="false" runDeploymentRoot="sandovlu_SANDOVLU2 2014-08-07 13_15_49" />
    <Execution>
      <TestTypeSpecific />
      <AgentRule name="Execution Agents">
      </AgentRule>
    </Execution>
  </TestSettings>
  <Times creation="2014-08-07T13:15:49.5203275-05:00" queuing="2014-08-07T13:15:49.5893344-05:00" start="2014-08-07T13:15:49.6003355-05:00" finish="2014-08-07T13:15:58.5182272-05:00" />
  <ResultSummary outcome="Failed">
    <Counters total="2" executed="2" error="0" failed="2" timeout="0" aborted="0" inconclusive="0" passedButRunAborted="0" notRunnable="0" notExecuted="0" disconnected="0" warning="0" passed="0" completed="0" inProgress="0" pending="0" />
  </ResultSummary>
  <TestDefinitions>
    <UnitTest name="CrearReservaBien" storage="d:\workspaces\wkspring\gitproyectoupc\proyecto\zoologico\bin\debug\zoologico.dll" id="3296ac5d-402a-8a4b-0056-07049bf7ebb5">
      <Execution id="fcf0eb9e-0ef5-447f-8aac-7cf6a0638f78" />
      <TestMethod codeBase="D:/workspaces/wkSpring/gitProyectoUPC/Proyecto/Zoologico/bin/Debug/Zoologico.DLL" adapterTypeName="Microsoft.VisualStudio.TestTools.TestTypes.Unit.UnitTestAdapter, Microsoft.VisualStudio.QualityTools.Tips.UnitTest.Adapter, Version=10.0.0.0, Culture=neutral, PublicKeyToken=b03f5f7f11d50a3a" className="Zoologico.RESTUnitTests, Zoologico, Version=1.0.0.0, Culture=neutral, PublicKeyToken=null" name="CrearReservaBien" />
    </UnitTest>
    <UnitTest name="ListarReserva" storage="d:\workspaces\wkspring\gitproyectoupc\proyecto\zoologico\bin\debug\zoologico.dll" id="0b853264-5142-3363-e6c0-9e1f4969e1c8">
      <Execution id="9bafaed7-6793-4131-a0a8-1b689e99322e" />
      <TestMethod codeBase="D:/workspaces/wkSpring/gitProyectoUPC/Proyecto/Zoologico/bin/Debug/Zoologico.DLL" adapterTypeName="Microsoft.VisualStudio.TestTools.TestTypes.Unit.UnitTestAdapter, Microsoft.VisualStudio.QualityTools.Tips.UnitTest.Adapter, Version=10.0.0.0, Culture=neutral, PublicKeyToken=b03f5f7f11d50a3a" className="Zoologico.RESTUnitTests, Zoologico, Version=1.0.0.0, Culture=neutral, PublicKeyToken=null" name="ListarReserva" />
    </UnitTest>
  </TestDefinitions>
  <TestLists>
    <TestList name="Resultados que no están en la lista" id="8c84fa94-04c1-424b-9868-57a2d4851a1d" />
    <TestList name="Todos los resultados cargados" id="19431567-8539-422a-85d7-44ee4e166bda" />
  </TestLists>
  <TestEntries>
    <TestEntry testId="0b853264-5142-3363-e6c0-9e1f4969e1c8" executionId="9bafaed7-6793-4131-a0a8-1b689e99322e" testListId="8c84fa94-04c1-424b-9868-57a2d4851a1d" />
    <TestEntry testId="3296ac5d-402a-8a4b-0056-07049bf7ebb5" executionId="fcf0eb9e-0ef5-447f-8aac-7cf6a0638f78" testListId="8c84fa94-04c1-424b-9868-57a2d4851a1d" />
  </TestEntries>
  <Results>
    <UnitTestResult executionId="9bafaed7-6793-4131-a0a8-1b689e99322e" testId="0b853264-5142-3363-e6c0-9e1f4969e1c8" testName="ListarReserva" computerName="SANDOVLU2" duration="00:00:01.8635663" startTime="2014-08-07T13:15:49.6123367-05:00" endTime="2014-08-07T13:15:51.7885543-05:00" testType="13cdc9d9-ddb5-4fa4-a97d-d965ccfc6d4b" outcome="Failed" testListId="8c84fa94-04c1-424b-9868-57a2d4851a1d" relativeResultsDirectory="9bafaed7-6793-4131-a0a8-1b689e99322e">
      <Output>
        <ErrorInfo>
          <Message>Test method Zoologico.RESTUnitTests.ListarReserva threw exception: 
System.Exception: 12-06-2012 is not a valid value for Int32. ---&gt; System.FormatException: Input string was not in a correct format.</Message>
          <StackTrace>    at System.Number.StringToNumber(String str, NumberStyles options, NumberBuffer&amp; number, NumberFormatInfo info, Boolean parseDecimal)
   at System.Number.ParseInt32(String s, NumberStyles style, NumberFormatInfo info)
   at System.ComponentModel.Int32Converter.FromString(String value, NumberFormatInfo formatInfo)
   at System.ComponentModel.BaseNumberConverter.ConvertFrom(ITypeDescriptorContext context, CultureInfo culture, Object value)
 --- End of inner exception stack trace ---
    at System.ComponentModel.BaseNumberConverter.ConvertFrom(ITypeDescriptorContext context, CultureInfo culture, Object value)
   at System.Web.Script.Serialization.ObjectConverter.ConvertObjectToTypeInternal(Object o, Type type, JavaScriptSerializer serializer, Boolean throwOnError, Object&amp; convertedObject)
   at System.Web.Script.Serialization.ObjectConverter.ConvertObjectToTypeMain(Object o, Type type, JavaScriptSerializer serializer, Boolean throwOnError, Object&amp; convertedObject)
   at System.Web.Script.Serialization.ObjectConverter.AssignToPropertyOrField(Object propertyValue, Object o, String memberName, JavaScriptSerializer serializer, Boolean throwOnError)
   at System.Web.Script.Serialization.ObjectConverter.ConvertDictionaryToObject(IDictionary`2 dictionary, Type type, JavaScriptSerializer serializer, Boolean throwOnError, Object&amp; convertedObject)
   at System.Web.Script.Serialization.ObjectConverter.ConvertObjectToTypeInternal(Object o, Type type, JavaScriptSerializer serializer, Boolean throwOnError, Object&amp; convertedObject)
   at System.Web.Script.Serialization.ObjectConverter.ConvertObjectToTypeMain(Object o, Type type, JavaScriptSerializer serializer, Boolean throwOnError, Object&amp; convertedObject)
   at System.Web.Script.Serialization.ObjectConverter.AddItemToList(IList oldList, IList newList, Type elementType, JavaScriptSerializer serializer, Boolean throwOnError)
   at System.Web.Script.Serialization.ObjectConverter.ConvertListToObject(IList list, Type type, JavaScriptSerializer serializer, Boolean throwOnError, IList&amp; convertedList)
   at System.Web.Script.Serialization.ObjectConverter.ConvertObjectToTypeInternal(Object o, Type type, JavaScriptSerializer serializer, Boolean throwOnError, Object&amp; convertedObject)
   at System.Web.Script.Serialization.ObjectConverter.ConvertObjectToTypeMain(Object o, Type type, JavaScriptSerializer serializer, Boolean throwOnError, Object&amp; convertedObject)
   at System.Web.Script.Serialization.JavaScriptSerializer.Deserialize(JavaScriptSerializer serializer, String input, Type type, Int32 depthLimit)
   at System.Web.Script.Serialization.JavaScriptSerializer.Deserialize[T](String input)
   at Zoologico.RESTUnitTests.ListarReserva() in D:\workspaces\wkSpring\gitProyectoUPC\Proyecto\Zoologico\RESTUnitTests.cs:line 62
</StackTrace>
        </ErrorInfo>
      </Output>
    </UnitTestResult>
    <UnitTestResult executionId="fcf0eb9e-0ef5-447f-8aac-7cf6a0638f78" testId="3296ac5d-402a-8a4b-0056-07049bf7ebb5" testName="CrearReservaBien" computerName="SANDOVLU2" duration="00:00:06.7096440" startTime="2014-08-07T13:15:51.7895544-05:00" endTime="2014-08-07T13:15:58.5052259-05:00" testType="13cdc9d9-ddb5-4fa4-a97d-d965ccfc6d4b" outcome="Failed" testListId="8c84fa94-04c1-424b-9868-57a2d4851a1d" relativeResultsDirectory="fcf0eb9e-0ef5-447f-8aac-7cf6a0638f78">
      <Output>
        <ErrorInfo>
          <Message>Assert.AreEqual failed. Expected:&lt;The remote server returned an error: (400) Bad Request.&gt;. Actual:&lt;La reserva ya existe&gt;. </Message>
          <StackTrace>   at Zoologico.RESTUnitTests.CrearReservaBien() in D:\workspaces\wkSpring\gitProyectoUPC\Proyecto\Zoologico\RESTUnitTests.cs:line 47
</StackTrace>
        </ErrorInfo>
      </Output>
    </UnitTestResult>
  </Results>
</TestRun>