<?xml version="1.0" encoding="UTF-8"?>
<TestRun id="af92da21-a300-4ad1-b0d9-a5ccb6a20f42" name="usuario@HP 2014-07-14 18:44:41" runUser="HP\usuario" xmlns="http://microsoft.com/schemas/VisualStudio/TeamTest/2010">
  <TestSettings name="Local" id="0fda92f3-4914-4cb8-8df3-31deca771d1f">
    <Description>These are default test settings for a local test run.</Description>
    <Deployment enabled="false" runDeploymentRoot="usuario_HP 2014-07-14 18_44_41" />
    <Execution>
      <TestTypeSpecific />
      <AgentRule name="Execution Agents">
      </AgentRule>
    </Execution>
  </TestSettings>
  <Times creation="2014-07-14T18:44:41.1213323-05:00" queuing="2014-07-14T18:44:41.1423455-05:00" start="2014-07-14T18:44:41.1453494-05:00" finish="2014-07-14T18:44:42.5981688-05:00" />
  <ResultSummary outcome="Completed">
    <Counters total="1" executed="1" passed="1" error="0" failed="0" timeout="0" aborted="0" inconclusive="0" passedButRunAborted="0" notRunnable="0" notExecuted="0" disconnected="0" warning="0" completed="0" inProgress="0" pending="0" />
  </ResultSummary>
  <TestDefinitions>
    <UnitTest name="obtener" storage="r:\upc\distribuidos\proyecto\proyecto\zoologico\bin\debug\zoologico.dll" id="acb510ea-211d-1ba2-dad5-d97f83a88071">
      <Execution id="50f598c0-ea02-4a50-bafd-f8f33e7ac179" />
      <TestMethod codeBase="R:/UPC/Distribuidos/Proyecto/Proyecto/Zoologico/bin/Debug/Zoologico.DLL" adapterTypeName="Microsoft.VisualStudio.TestTools.TestTypes.Unit.UnitTestAdapter, Microsoft.VisualStudio.QualityTools.Tips.UnitTest.Adapter, Version=10.0.0.0, Culture=neutral, PublicKeyToken=b03f5f7f11d50a3a" className="Zoologico.UnitTest1, Zoologico, Version=1.0.0.0, Culture=neutral, PublicKeyToken=null" name="obtener" />
    </UnitTest>
  </TestDefinitions>
  <TestLists>
    <TestList name="Results Not in a List" id="8c84fa94-04c1-424b-9868-57a2d4851a1d" />
    <TestList name="All Loaded Results" id="19431567-8539-422a-85d7-44ee4e166bda" />
  </TestLists>
  <TestEntries>
    <TestEntry testId="acb510ea-211d-1ba2-dad5-d97f83a88071" executionId="50f598c0-ea02-4a50-bafd-f8f33e7ac179" testListId="8c84fa94-04c1-424b-9868-57a2d4851a1d" />
  </TestEntries>
  <Results>
    <UnitTestResult executionId="50f598c0-ea02-4a50-bafd-f8f33e7ac179" testId="acb510ea-211d-1ba2-dad5-d97f83a88071" testName="obtener" computerName="HP" duration="00:00:01.1753823" startTime="2014-07-14T18:44:41.1483490-05:00" endTime="2014-07-14T18:44:42.5701553-05:00" testType="13cdc9d9-ddb5-4fa4-a97d-d965ccfc6d4b" outcome="Passed" testListId="8c84fa94-04c1-424b-9868-57a2d4851a1d" relativeResultsDirectory="50f598c0-ea02-4a50-bafd-f8f33e7ac179">
    </UnitTestResult>
  </Results>
</TestRun>