<?xml version="1.0" encoding="UTF-8"?>
<TestRun id="7855997e-4fcc-4d7d-8a3b-9df9c4b45cdd" name="usuario@HP 2014-07-14 18:39:10" runUser="HP\usuario" xmlns="http://microsoft.com/schemas/VisualStudio/TeamTest/2010">
  <TestSettings name="Local" id="0fda92f3-4914-4cb8-8df3-31deca771d1f">
    <Description>These are default test settings for a local test run.</Description>
    <Deployment enabled="false" runDeploymentRoot="usuario_HP 2014-07-14 18_39_10" />
    <Execution>
      <TestTypeSpecific />
      <AgentRule name="Execution Agents">
      </AgentRule>
    </Execution>
  </TestSettings>
  <Times creation="2014-07-14T18:39:10.4836963-05:00" queuing="2014-07-14T18:39:10.5137151-05:00" start="2014-07-14T18:39:10.5197183-05:00" finish="2014-07-14T18:39:13.2645615-05:00" />
  <ResultSummary outcome="Failed">
    <Counters total="1" executed="1" error="0" failed="1" timeout="0" aborted="0" inconclusive="0" passedButRunAborted="0" notRunnable="0" notExecuted="0" disconnected="0" warning="0" passed="0" completed="0" inProgress="0" pending="0" />
  </ResultSummary>
  <TestDefinitions>
    <UnitTest name="obtener" storage="r:\upc\distribuidos\proyecto\proyecto\zoologico\bin\debug\zoologico.dll" id="acb510ea-211d-1ba2-dad5-d97f83a88071">
      <Execution id="20653daf-f397-49d2-8019-1a1cb5d72c07" />
      <TestMethod codeBase="R:/UPC/Distribuidos/Proyecto/Proyecto/Zoologico/bin/Debug/Zoologico.DLL" adapterTypeName="Microsoft.VisualStudio.TestTools.TestTypes.Unit.UnitTestAdapter, Microsoft.VisualStudio.QualityTools.Tips.UnitTest.Adapter, Version=10.0.0.0, Culture=neutral, PublicKeyToken=b03f5f7f11d50a3a" className="Zoologico.UnitTest1, Zoologico, Version=1.0.0.0, Culture=neutral, PublicKeyToken=null" name="obtener" />
    </UnitTest>
  </TestDefinitions>
  <TestLists>
    <TestList name="Results Not in a List" id="8c84fa94-04c1-424b-9868-57a2d4851a1d" />
    <TestList name="All Loaded Results" id="19431567-8539-422a-85d7-44ee4e166bda" />
  </TestLists>
  <TestEntries>
    <TestEntry testId="acb510ea-211d-1ba2-dad5-d97f83a88071" executionId="20653daf-f397-49d2-8019-1a1cb5d72c07" testListId="8c84fa94-04c1-424b-9868-57a2d4851a1d" />
  </TestEntries>
  <Results>
    <UnitTestResult executionId="20653daf-f397-49d2-8019-1a1cb5d72c07" testId="acb510ea-211d-1ba2-dad5-d97f83a88071" testName="obtener" computerName="HP" duration="00:00:02.5009416" startTime="2014-07-14T18:39:10.5227207-05:00" endTime="2014-07-14T18:39:13.2465519-05:00" testType="13cdc9d9-ddb5-4fa4-a97d-d965ccfc6d4b" outcome="Failed" testListId="8c84fa94-04c1-424b-9868-57a2d4851a1d" relativeResultsDirectory="20653daf-f397-49d2-8019-1a1cb5d72c07">
      <Output>
        <ErrorInfo>
          <Message>Test method Zoologico.UnitTest1.obtener threw exception: 
System.ServiceModel.FaultException: El servidor no pudo procesar la solicitud debido a un error interno. Para obtener más información acerca del error, active IncludeExceptionDetailInFaults (desde ServiceBehaviorAttribute o desde el comportamiento de configuración de &lt;serviceDebug&gt;) en el servidor para enviar la información de la excepción al cliente, o active la traza según las instrucciones de la documentación de Microsoft .NET Framework SDK y consulte los registros de seguimiento del servidor.</Message>
          <StackTrace> 
Server stack trace: 
   en System.ServiceModel.Channels.ServiceChannel.ThrowIfFaultUnderstood(Message reply, MessageFault fault, String action, MessageVersion version, FaultConverter faultConverter)
   en System.ServiceModel.Channels.ServiceChannel.HandleReply(ProxyOperationRuntime operation, ProxyRpc&amp; rpc)
   en System.ServiceModel.Channels.ServiceChannel.Call(String action, Boolean oneway, ProxyOperationRuntime operation, Object[] ins, Object[] outs, TimeSpan timeout)
   en System.ServiceModel.Channels.ServiceChannelProxy.InvokeService(IMethodCallMessage methodCall, ProxyOperationRuntime operation)
   en System.ServiceModel.Channels.ServiceChannelProxy.Invoke(IMessage message)
Exception rethrown at [0]: 
   en System.Runtime.Remoting.Proxies.RealProxy.HandleReturnMessage(IMessage reqMsg, IMessage retMsg)
   en System.Runtime.Remoting.Proxies.RealProxy.PrivateInvoke(MessageData&amp; msgData, Int32 type)
   en Zoologico.InstituciónWS.IGestionarSede.ObtenerInstituciones(Int32 codigo)
   en Zoologico.InstituciónWS.GestionarSedeClient.ObtenerInstituciones(Int32 codigo) en R:\UPC\Distribuidos\Proyecto\Proyecto\Zoologico\Service References\InstituciónWS\Reference.cs:línea 136
   en Zoologico.UnitTest1.obtener() en R:\UPC\Distribuidos\Proyecto\Proyecto\Zoologico\UnitTest1.cs:línea 40
</StackTrace>
        </ErrorInfo>
      </Output>
    </UnitTestResult>
  </Results>
</TestRun>