<?xml version="1.0" encoding="UTF-8"?>
<TestRun id="cdab368e-5b04-4264-bcf4-f7fa23891c70" name="usuario@HP 2014-08-02 00:04:56" runUser="HP\usuario" xmlns="http://microsoft.com/schemas/VisualStudio/TeamTest/2010">
  <TestSettings name="Local" id="0fda92f3-4914-4cb8-8df3-31deca771d1f">
    <Description>These are default test settings for a local test run.</Description>
    <Deployment enabled="false" runDeploymentRoot="usuario_HP 2014-08-02 00_04_56" />
    <Execution>
      <TestTypeSpecific />
      <AgentRule name="Execution Agents">
      </AgentRule>
    </Execution>
  </TestSettings>
  <Times creation="2014-08-02T00:04:56.7062142-05:00" queuing="2014-08-02T00:04:58.6290067-05:00" start="2014-08-02T00:04:58.7227593-05:00" finish="2014-08-02T00:06:49.5595807-05:00" />
  <ResultSummary outcome="Error">
    <Counters total="1" executed="1" error="0" failed="0" timeout="0" aborted="1" inconclusive="0" passedButRunAborted="0" notRunnable="0" notExecuted="0" disconnected="0" warning="0" passed="0" completed="0" inProgress="0" pending="0" />
    <RunInfos>
      <RunInfo computerName="HP" outcome="Error" timestamp="2014-08-02T00:06:49.5595807-05:00">
        <Text>Test host process exited unexpectedly.</Text>
      </RunInfo>
    </RunInfos>
  </ResultSummary>
  <TestDefinitions>
    <UnitTest name="CrearReserva" storage="r:\upc\distribuidos\proyecto\proyecto\zoologico\bin\debug\zoologico.dll" id="511e0812-edd8-7682-601e-c76ec40b2c15">
      <Execution id="a000b337-1c5c-4aff-ab2d-6fdc9e1f5b67" />
      <TestMethod codeBase="R:/UPC/Distribuidos/Proyecto/Proyecto/Zoologico/bin/Debug/Zoologico.DLL" adapterTypeName="Microsoft.VisualStudio.TestTools.TestTypes.Unit.UnitTestAdapter, Microsoft.VisualStudio.QualityTools.Tips.UnitTest.Adapter, Version=10.0.0.0, Culture=neutral, PublicKeyToken=b03f5f7f11d50a3a" className="Zoologico.RESTUnitTests, Zoologico, Version=1.0.0.0, Culture=neutral, PublicKeyToken=null" name="CrearReserva" />
    </UnitTest>
  </TestDefinitions>
  <TestLists>
    <TestList name="Results Not in a List" id="8c84fa94-04c1-424b-9868-57a2d4851a1d" />
    <TestList name="All Loaded Results" id="19431567-8539-422a-85d7-44ee4e166bda" />
  </TestLists>
  <TestEntries>
    <TestEntry testId="511e0812-edd8-7682-601e-c76ec40b2c15" executionId="a000b337-1c5c-4aff-ab2d-6fdc9e1f5b67" testListId="8c84fa94-04c1-424b-9868-57a2d4851a1d" />
  </TestEntries>
  <Results>
    <UnitTestResult executionId="a000b337-1c5c-4aff-ab2d-6fdc9e1f5b67" testId="511e0812-edd8-7682-601e-c76ec40b2c15" testName="CrearReserva" computerName="HP" duration="00:01:50.7274410" startTime="2014-08-02T00:04:58.8321397-05:00" endTime="2014-08-02T00:06:49.5595807-05:00" testType="13cdc9d9-ddb5-4fa4-a97d-d965ccfc6d4b" outcome="Aborted" testListId="8c84fa94-04c1-424b-9868-57a2d4851a1d" relativeResultsDirectory="a000b337-1c5c-4aff-ab2d-6fdc9e1f5b67">
    </UnitTestResult>
  </Results>
</TestRun>