<?xml version="1.0" encoding="UTF-8"?>
<TestRun id="18d39f6c-ac4f-48ea-963b-5cbcc69c1080" name="usuario@HP 2014-07-15 19:27:54" runUser="HP\usuario" xmlns="http://microsoft.com/schemas/VisualStudio/TeamTest/2010">
  <TestSettings name="Local" id="0fda92f3-4914-4cb8-8df3-31deca771d1f">
    <Description>These are default test settings for a local test run.</Description>
    <Deployment enabled="false" runDeploymentRoot="usuario_HP 2014-07-15 19_27_54" />
    <Execution>
      <TestTypeSpecific />
      <AgentRule name="Execution Agents">
      </AgentRule>
    </Execution>
  </TestSettings>
  <Times creation="2014-07-15T19:27:54.8847720-05:00" queuing="2014-07-15T19:27:54.9057863-05:00" start="2014-07-15T19:27:54.9097874-05:00" finish="2014-07-15T19:27:56.1811131-05:00" />
  <ResultSummary outcome="Completed">
    <Counters total="1" executed="1" passed="1" error="0" failed="0" timeout="0" aborted="0" inconclusive="0" passedButRunAborted="0" notRunnable="0" notExecuted="0" disconnected="0" warning="0" completed="0" inProgress="0" pending="0" />
  </ResultSummary>
  <TestDefinitions>
    <UnitTest name="obtenerInstitucionRUC" storage="r:\upc\distribuidos\proyecto\proyecto\zoologico\bin\debug\zoologico.dll" id="ac567664-e6ff-8d21-c441-265c97ab8296">
      <Execution id="0192f8bb-c4f1-4a2c-a260-d0bb72e93f0d" />
      <TestMethod codeBase="R:/UPC/Distribuidos/Proyecto/Proyecto/Zoologico/bin/Debug/Zoologico.DLL" adapterTypeName="Microsoft.VisualStudio.TestTools.TestTypes.Unit.UnitTestAdapter, Microsoft.VisualStudio.QualityTools.Tips.UnitTest.Adapter, Version=10.0.0.0, Culture=neutral, PublicKeyToken=b03f5f7f11d50a3a" className="Zoologico.UnitTest1, Zoologico, Version=1.0.0.0, Culture=neutral, PublicKeyToken=null" name="obtenerInstitucionRUC" />
    </UnitTest>
  </TestDefinitions>
  <TestLists>
    <TestList name="Results Not in a List" id="8c84fa94-04c1-424b-9868-57a2d4851a1d" />
    <TestList name="All Loaded Results" id="19431567-8539-422a-85d7-44ee4e166bda" />
  </TestLists>
  <TestEntries>
    <TestEntry testId="ac567664-e6ff-8d21-c441-265c97ab8296" executionId="0192f8bb-c4f1-4a2c-a260-d0bb72e93f0d" testListId="8c84fa94-04c1-424b-9868-57a2d4851a1d" />
  </TestEntries>
  <Results>
    <UnitTestResult executionId="0192f8bb-c4f1-4a2c-a260-d0bb72e93f0d" testId="ac567664-e6ff-8d21-c441-265c97ab8296" testName="obtenerInstitucionRUC" computerName="HP" duration="00:00:01.0480283" startTime="2014-07-15T19:27:54.9127894-05:00" endTime="2014-07-15T19:27:56.1701070-05:00" testType="13cdc9d9-ddb5-4fa4-a97d-d965ccfc6d4b" outcome="Passed" testListId="8c84fa94-04c1-424b-9868-57a2d4851a1d" relativeResultsDirectory="0192f8bb-c4f1-4a2c-a260-d0bb72e93f0d">
    </UnitTestResult>
  </Results>
</TestRun>