<?xml version="1.0" encoding="UTF-8"?>
<TestRun id="834dc06f-25f5-4898-8694-7b0e401c1204" name="usuario@HP 2014-07-15 19:35:57" runUser="HP\usuario" xmlns="http://microsoft.com/schemas/VisualStudio/TeamTest/2010">
  <TestSettings name="Local" id="0fda92f3-4914-4cb8-8df3-31deca771d1f">
    <Description>These are default test settings for a local test run.</Description>
    <Deployment enabled="false" runDeploymentRoot="usuario_HP 2014-07-15 19_35_57" />
    <Execution>
      <TestTypeSpecific />
      <AgentRule name="Execution Agents">
      </AgentRule>
    </Execution>
  </TestSettings>
  <Times creation="2014-07-15T19:35:57.3952426-05:00" queuing="2014-07-15T19:35:58.6894399-05:00" start="2014-07-15T19:35:58.7544827-05:00" finish="2014-07-15T19:36:17.4367349-05:00" />
  <ResultSummary outcome="Error">
    <Counters total="1" executed="1" error="0" failed="0" timeout="0" aborted="1" inconclusive="0" passedButRunAborted="0" notRunnable="0" notExecuted="0" disconnected="0" warning="0" passed="0" completed="0" inProgress="0" pending="0" />
    <RunInfos>
      <RunInfo computerName="HP" outcome="Error" timestamp="2014-07-15T19:36:17.4357346-05:00">
        <Text>Test host process exited unexpectedly.</Text>
      </RunInfo>
    </RunInfos>
  </ResultSummary>
  <TestDefinitions>
    <UnitTest name="Error" storage="r:\upc\distribuidos\proyecto\proyecto\zoologico\bin\debug\zoologico.dll" id="0b04ce68-e08b-4501-a7be-2c8bb385b26b">
      <Execution id="543c0a8e-561f-4fd2-bf8b-4a6475776a02" />
      <TestMethod codeBase="R:/UPC/Distribuidos/Proyecto/Proyecto/Zoologico/bin/Debug/Zoologico.DLL" adapterTypeName="Microsoft.VisualStudio.TestTools.TestTypes.Unit.UnitTestAdapter, Microsoft.VisualStudio.QualityTools.Tips.UnitTest.Adapter, Version=10.0.0.0, Culture=neutral, PublicKeyToken=b03f5f7f11d50a3a" className="Zoologico.UnitTest1, Zoologico, Version=1.0.0.0, Culture=neutral, PublicKeyToken=null" name="Error" />
    </UnitTest>
  </TestDefinitions>
  <TestLists>
    <TestList name="Results Not in a List" id="8c84fa94-04c1-424b-9868-57a2d4851a1d" />
    <TestList name="All Loaded Results" id="19431567-8539-422a-85d7-44ee4e166bda" />
  </TestLists>
  <TestEntries>
    <TestEntry testId="0b04ce68-e08b-4501-a7be-2c8bb385b26b" executionId="543c0a8e-561f-4fd2-bf8b-4a6475776a02" testListId="8c84fa94-04c1-424b-9868-57a2d4851a1d" />
  </TestEntries>
  <Results>
    <UnitTestResult executionId="543c0a8e-561f-4fd2-bf8b-4a6475776a02" testId="0b04ce68-e08b-4501-a7be-2c8bb385b26b" testName="Error" computerName="HP" duration="00:00:18.6522315" startTime="2014-07-15T19:35:58.7845034-05:00" endTime="2014-07-15T19:36:17.4367349-05:00" testType="13cdc9d9-ddb5-4fa4-a97d-d965ccfc6d4b" outcome="Aborted" testListId="8c84fa94-04c1-424b-9868-57a2d4851a1d" relativeResultsDirectory="543c0a8e-561f-4fd2-bf8b-4a6475776a02">
    </UnitTestResult>
  </Results>
</TestRun>