<?xml version="1.0" encoding="UTF-8"?>
<TestRun id="842c5375-05a6-4d59-8a8c-50ecf86bd0f1" name="usuario@HP 2014-08-03 01:19:31" runUser="HP\usuario" xmlns="http://microsoft.com/schemas/VisualStudio/TeamTest/2010">
  <TestSettings name="Local" id="0fda92f3-4914-4cb8-8df3-31deca771d1f">
    <Description>These are default test settings for a local test run.</Description>
    <Deployment enabled="false" runDeploymentRoot="usuario_HP 2014-08-03 01_19_31" />
    <Execution>
      <TestTypeSpecific />
      <AgentRule name="Execution Agents">
      </AgentRule>
    </Execution>
  </TestSettings>
  <Times creation="2014-08-03T01:19:31.2029025-05:00" queuing="2014-08-03T01:19:32.0648538-05:00" start="2014-08-03T01:19:32.1669204-05:00" finish="2014-08-03T01:19:51.1349335-05:00" />
  <ResultSummary outcome="Failed">
    <Counters total="4" executed="4" error="0" failed="4" timeout="0" aborted="0" inconclusive="0" passedButRunAborted="0" notRunnable="0" notExecuted="0" disconnected="0" warning="0" passed="0" completed="0" inProgress="0" pending="0" />
  </ResultSummary>
  <TestDefinitions>
    <UnitTest name="listar" storage="r:\upc\distribuidos\proyecto\proyecto\zoologico\bin\debug\zoologico.dll" id="252f3117-e5ee-8cfb-463f-697079c9fd33">
      <Execution id="2aac3ce4-94b3-4c29-a3e4-730005d89390" />
      <TestMethod codeBase="R:/UPC/Distribuidos/Proyecto/Proyecto/Zoologico/bin/Debug/Zoologico.DLL" adapterTypeName="Microsoft.VisualStudio.TestTools.TestTypes.Unit.UnitTestAdapter, Microsoft.VisualStudio.QualityTools.Tips.UnitTest.Adapter, Version=10.0.0.0, Culture=neutral, PublicKeyToken=b03f5f7f11d50a3a" className="Zoologico.UnitTest1, Zoologico, Version=1.0.0.0, Culture=neutral, PublicKeyToken=null" name="listar" />
    </UnitTest>
    <UnitTest name="ListarReserva" storage="r:\upc\distribuidos\proyecto\proyecto\zoologico\bin\debug\zoologico.dll" id="0b853264-5142-3363-e6c0-9e1f4969e1c8">
      <Execution id="05b6d280-1df0-44fd-91d9-afe041fb3b87" />
      <TestMethod codeBase="R:/UPC/Distribuidos/Proyecto/Proyecto/Zoologico/bin/Debug/Zoologico.DLL" adapterTypeName="Microsoft.VisualStudio.TestTools.TestTypes.Unit.UnitTestAdapter, Microsoft.VisualStudio.QualityTools.Tips.UnitTest.Adapter, Version=10.0.0.0, Culture=neutral, PublicKeyToken=b03f5f7f11d50a3a" className="Zoologico.RESTUnitTests, Zoologico, Version=1.0.0.0, Culture=neutral, PublicKeyToken=null" name="ListarReserva" />
    </UnitTest>
    <UnitTest name="obtenerInstitucionRUC" storage="r:\upc\distribuidos\proyecto\proyecto\zoologico\bin\debug\zoologico.dll" id="ac567664-e6ff-8d21-c441-265c97ab8296">
      <Execution id="1c60a87e-3658-497e-8137-04283e896acc" />
      <TestMethod codeBase="R:/UPC/Distribuidos/Proyecto/Proyecto/Zoologico/bin/Debug/Zoologico.DLL" adapterTypeName="Microsoft.VisualStudio.TestTools.TestTypes.Unit.UnitTestAdapter, Microsoft.VisualStudio.QualityTools.Tips.UnitTest.Adapter, Version=10.0.0.0, Culture=neutral, PublicKeyToken=b03f5f7f11d50a3a" className="Zoologico.UnitTest1, Zoologico, Version=1.0.0.0, Culture=neutral, PublicKeyToken=null" name="obtenerInstitucionRUC" />
    </UnitTest>
    <UnitTest name="CrearReserva" storage="r:\upc\distribuidos\proyecto\proyecto\zoologico\bin\debug\zoologico.dll" id="511e0812-edd8-7682-601e-c76ec40b2c15">
      <Execution id="5894e468-e938-4548-9106-b1ffbbf964a8" />
      <TestMethod codeBase="R:/UPC/Distribuidos/Proyecto/Proyecto/Zoologico/bin/Debug/Zoologico.DLL" adapterTypeName="Microsoft.VisualStudio.TestTools.TestTypes.Unit.UnitTestAdapter, Microsoft.VisualStudio.QualityTools.Tips.UnitTest.Adapter, Version=10.0.0.0, Culture=neutral, PublicKeyToken=b03f5f7f11d50a3a" className="Zoologico.RESTUnitTests, Zoologico, Version=1.0.0.0, Culture=neutral, PublicKeyToken=null" name="CrearReserva" />
    </UnitTest>
  </TestDefinitions>
  <TestLists>
    <TestList name="Results Not in a List" id="8c84fa94-04c1-424b-9868-57a2d4851a1d" />
    <TestList name="All Loaded Results" id="19431567-8539-422a-85d7-44ee4e166bda" />
  </TestLists>
  <TestEntries>
    <TestEntry testId="0b853264-5142-3363-e6c0-9e1f4969e1c8" executionId="05b6d280-1df0-44fd-91d9-afe041fb3b87" testListId="8c84fa94-04c1-424b-9868-57a2d4851a1d" />
    <TestEntry testId="252f3117-e5ee-8cfb-463f-697079c9fd33" executionId="2aac3ce4-94b3-4c29-a3e4-730005d89390" testListId="8c84fa94-04c1-424b-9868-57a2d4851a1d" />
    <TestEntry testId="511e0812-edd8-7682-601e-c76ec40b2c15" executionId="5894e468-e938-4548-9106-b1ffbbf964a8" testListId="8c84fa94-04c1-424b-9868-57a2d4851a1d" />
    <TestEntry testId="ac567664-e6ff-8d21-c441-265c97ab8296" executionId="1c60a87e-3658-497e-8137-04283e896acc" testListId="8c84fa94-04c1-424b-9868-57a2d4851a1d" />
  </TestEntries>
  <Results>
    <UnitTestResult executionId="05b6d280-1df0-44fd-91d9-afe041fb3b87" testId="0b853264-5142-3363-e6c0-9e1f4969e1c8" testName="ListarReserva" computerName="HP" duration="00:00:06.4836927" startTime="2014-08-03T01:19:32.2779943-05:00" endTime="2014-08-03T01:19:39.4598990-05:00" testType="13cdc9d9-ddb5-4fa4-a97d-d965ccfc6d4b" outcome="Failed" testListId="8c84fa94-04c1-424b-9868-57a2d4851a1d" relativeResultsDirectory="05b6d280-1df0-44fd-91d9-afe041fb3b87">
      <Output>
        <ErrorInfo>
          <Message>Assert.AreEqual failed. Expected:&lt;3&gt;. Actual:&lt;1&gt;. </Message>
          <StackTrace>   en Zoologico.RESTUnitTests.ListarReserva() en R:\UPC\Distribuidos\Proyecto\Proyecto\Zoologico\RESTUnitTests.cs:línea 77
</StackTrace>
        </ErrorInfo>
      </Output>
    </UnitTestResult>
    <UnitTestResult executionId="2aac3ce4-94b3-4c29-a3e4-730005d89390" testId="252f3117-e5ee-8cfb-463f-697079c9fd33" testName="listar" computerName="HP" duration="00:00:04.1958406" startTime="2014-08-03T01:19:39.5058708-05:00" endTime="2014-08-03T01:19:43.7900893-05:00" testType="13cdc9d9-ddb5-4fa4-a97d-d965ccfc6d4b" outcome="Failed" testListId="8c84fa94-04c1-424b-9868-57a2d4851a1d" relativeResultsDirectory="2aac3ce4-94b3-4c29-a3e4-730005d89390">
      <Output>
        <ErrorInfo>
          <Message>Test method Zoologico.UnitTest1.listar threw exception: 
System.ServiceModel.ActionNotSupportedException: El mensaje con la acción 'http://tempuri.org/IGestionarSede/ListaInstitucion' no se puede procesar en el destinatario debido a una falta de coincidencia de ContractFilter en EndpointDispatcher. La razón puede ser que los contratos no coinciden (falta de coincidencia de las acciones entre el remitente y el destinatario) o que el enlace/seguridad no coinciden en el remitente y el destinatario. Compruebe que el remitente y el destinatario tienen el mismo contrato y el mismo enlace (incluidos los requisitos de seguridad, por ejemplo Message, Transport, None).</Message>
          <StackTrace> 
Server stack trace: 
   en System.ServiceModel.Channels.ServiceChannel.ThrowIfFaultUnderstood(Message reply, MessageFault fault, String action, MessageVersion version, FaultConverter faultConverter)
   en System.ServiceModel.Channels.ServiceChannel.HandleReply(ProxyOperationRuntime operation, ProxyRpc&amp; rpc)
   en System.ServiceModel.Channels.ServiceChannel.Call(String action, Boolean oneway, ProxyOperationRuntime operation, Object[] ins, Object[] outs, TimeSpan timeout)
   en System.ServiceModel.Channels.ServiceChannelProxy.InvokeService(IMethodCallMessage methodCall, ProxyOperationRuntime operation)
   en System.ServiceModel.Channels.ServiceChannelProxy.Invoke(IMessage message)
Exception rethrown at [0]: 
   en System.Runtime.Remoting.Proxies.RealProxy.HandleReturnMessage(IMessage reqMsg, IMessage retMsg)
   en System.Runtime.Remoting.Proxies.RealProxy.PrivateInvoke(MessageData&amp; msgData, Int32 type)
   en Zoologico.InstitucionesWS.IGestionarSede.ListaInstitucion()
   en Zoologico.InstitucionesWS.GestionarSedeClient.ListaInstitucion() en R:\UPC\Distribuidos\Proyecto\Proyecto\Zoologico\Service References\InstitucionesWS\Reference.cs:línea 189
   en Zoologico.UnitTest1.listar() en R:\UPC\Distribuidos\Proyecto\Proyecto\Zoologico\UnitTest1.cs:línea 25
</StackTrace>
        </ErrorInfo>
      </Output>
    </UnitTestResult>
    <UnitTestResult executionId="5894e468-e938-4548-9106-b1ffbbf964a8" testId="511e0812-edd8-7682-601e-c76ec40b2c15" testName="CrearReserva" computerName="HP" duration="00:00:04.3535628" startTime="2014-08-03T01:19:43.8154241-05:00" endTime="2014-08-03T01:19:48.2579892-05:00" testType="13cdc9d9-ddb5-4fa4-a97d-d965ccfc6d4b" outcome="Failed" testListId="8c84fa94-04c1-424b-9868-57a2d4851a1d" relativeResultsDirectory="5894e468-e938-4548-9106-b1ffbbf964a8">
      <Output>
        <ErrorInfo>
          <Message>Assert.AreEqual failed. Expected:&lt;5 (System.String)&gt;. Actual:&lt;5 (System.Int32)&gt;. </Message>
          <StackTrace>   en Zoologico.RESTUnitTests.CrearReserva() en R:\UPC\Distribuidos\Proyecto\Proyecto\Zoologico\RESTUnitTests.cs:línea 43
</StackTrace>
        </ErrorInfo>
      </Output>
    </UnitTestResult>
    <UnitTestResult executionId="1c60a87e-3658-497e-8137-04283e896acc" testId="ac567664-e6ff-8d21-c441-265c97ab8296" testName="obtenerInstitucionRUC" computerName="HP" duration="00:00:02.6455249" startTime="2014-08-03T01:19:48.2840054-05:00" endTime="2014-08-03T01:19:51.0456982-05:00" testType="13cdc9d9-ddb5-4fa4-a97d-d965ccfc6d4b" outcome="Failed" testListId="8c84fa94-04c1-424b-9868-57a2d4851a1d" relativeResultsDirectory="1c60a87e-3658-497e-8137-04283e896acc">
      <Output>
        <ErrorInfo>
          <Message>Test method Zoologico.UnitTest1.obtenerInstitucionRUC threw exception: 
System.ServiceModel.ActionNotSupportedException: El mensaje con la acción 'http://tempuri.org/IGestionarSede/ObtenerInstitucionRUC' no se puede procesar en el destinatario debido a una falta de coincidencia de ContractFilter en EndpointDispatcher. La razón puede ser que los contratos no coinciden (falta de coincidencia de las acciones entre el remitente y el destinatario) o que el enlace/seguridad no coinciden en el remitente y el destinatario. Compruebe que el remitente y el destinatario tienen el mismo contrato y el mismo enlace (incluidos los requisitos de seguridad, por ejemplo Message, Transport, None).</Message>
          <StackTrace> 
Server stack trace: 
   en System.ServiceModel.Channels.ServiceChannel.ThrowIfFaultUnderstood(Message reply, MessageFault fault, String action, MessageVersion version, FaultConverter faultConverter)
   en System.ServiceModel.Channels.ServiceChannel.HandleReply(ProxyOperationRuntime operation, ProxyRpc&amp; rpc)
   en System.ServiceModel.Channels.ServiceChannel.Call(String action, Boolean oneway, ProxyOperationRuntime operation, Object[] ins, Object[] outs, TimeSpan timeout)
   en System.ServiceModel.Channels.ServiceChannelProxy.InvokeService(IMethodCallMessage methodCall, ProxyOperationRuntime operation)
   en System.ServiceModel.Channels.ServiceChannelProxy.Invoke(IMessage message)
Exception rethrown at [0]: 
   en System.Runtime.Remoting.Proxies.RealProxy.HandleReturnMessage(IMessage reqMsg, IMessage retMsg)
   en System.Runtime.Remoting.Proxies.RealProxy.PrivateInvoke(MessageData&amp; msgData, Int32 type)
   en Zoologico.InstitucionesWS.IGestionarSede.ObtenerInstitucionRUC(String ruc)
   en Zoologico.InstitucionesWS.GestionarSedeClient.ObtenerInstitucionRUC(String ruc) en R:\UPC\Distribuidos\Proyecto\Proyecto\Zoologico\Service References\InstitucionesWS\Reference.cs:línea 181
   en Zoologico.UnitTest1.obtenerInstitucionRUC() en R:\UPC\Distribuidos\Proyecto\Proyecto\Zoologico\UnitTest1.cs:línea 42
</StackTrace>
        </ErrorInfo>
      </Output>
    </UnitTestResult>
  </Results>
</TestRun>