<?xml version="1.0" encoding="UTF-8"?>
<TestRun id="4574beee-bf64-4279-ab8d-ca4212e2481e" name="usuario@HP 2014-08-01 23:56:17" runUser="HP\usuario" xmlns="http://microsoft.com/schemas/VisualStudio/TeamTest/2010">
  <TestSettings name="Local" id="0fda92f3-4914-4cb8-8df3-31deca771d1f">
    <Description>These are default test settings for a local test run.</Description>
    <Deployment enabled="false" runDeploymentRoot="usuario_HP 2014-08-01 23_56_17" />
    <Execution>
      <TestTypeSpecific />
      <AgentRule name="Execution Agents">
      </AgentRule>
    </Execution>
  </TestSettings>
  <Times creation="2014-08-01T23:56:17.8013019-05:00" queuing="2014-08-01T23:56:22.0067978-05:00" start="2014-08-01T23:56:22.0498241-05:00" finish="2014-08-01T23:56:23.8541796-05:00" />
  <ResultSummary outcome="Completed">
    <Counters total="1" executed="1" passed="1" error="0" failed="0" timeout="0" aborted="0" inconclusive="0" passedButRunAborted="0" notRunnable="0" notExecuted="0" disconnected="0" warning="0" completed="0" inProgress="0" pending="0" />
  </ResultSummary>
  <TestDefinitions>
    <UnitTest name="ListarReserva" storage="r:\upc\distribuidos\proyecto\proyecto\zoologico\bin\debug\zoologico.dll" id="0b853264-5142-3363-e6c0-9e1f4969e1c8">
      <Execution id="613c96b9-5fc2-4ec0-a315-c8dcf800a837" />
      <TestMethod codeBase="R:/UPC/Distribuidos/Proyecto/Proyecto/Zoologico/bin/Debug/Zoologico.DLL" adapterTypeName="Microsoft.VisualStudio.TestTools.TestTypes.Unit.UnitTestAdapter, Microsoft.VisualStudio.QualityTools.Tips.UnitTest.Adapter, Version=10.0.0.0, Culture=neutral, PublicKeyToken=b03f5f7f11d50a3a" className="Zoologico.RESTUnitTests, Zoologico, Version=1.0.0.0, Culture=neutral, PublicKeyToken=null" name="ListarReserva" />
    </UnitTest>
  </TestDefinitions>
  <TestLists>
    <TestList name="Results Not in a List" id="8c84fa94-04c1-424b-9868-57a2d4851a1d" />
    <TestList name="All Loaded Results" id="19431567-8539-422a-85d7-44ee4e166bda" />
  </TestLists>
  <TestEntries>
    <TestEntry testId="0b853264-5142-3363-e6c0-9e1f4969e1c8" executionId="613c96b9-5fc2-4ec0-a315-c8dcf800a837" testListId="8c84fa94-04c1-424b-9868-57a2d4851a1d" />
  </TestEntries>
  <Results>
    <UnitTestResult executionId="613c96b9-5fc2-4ec0-a315-c8dcf800a837" testId="0b853264-5142-3363-e6c0-9e1f4969e1c8" testName="ListarReserva" computerName="HP" duration="00:00:01.0687612" startTime="2014-08-01T23:56:22.1208717-05:00" endTime="2014-08-01T23:56:23.8001453-05:00" testType="13cdc9d9-ddb5-4fa4-a97d-d965ccfc6d4b" outcome="Passed" testListId="8c84fa94-04c1-424b-9868-57a2d4851a1d" relativeResultsDirectory="613c96b9-5fc2-4ec0-a315-c8dcf800a837">
    </UnitTestResult>
  </Results>
</TestRun>