<?xml version="1.0" encoding="UTF-8"?>
<TestRun id="e0fb9d2a-0939-462e-8c30-6fdee5f976a8" name="usuario@HP 2014-08-03 01:14:27" runUser="HP\usuario" xmlns="http://microsoft.com/schemas/VisualStudio/TeamTest/2010">
  <TestSettings name="Local" id="0fda92f3-4914-4cb8-8df3-31deca771d1f">
    <Description>These are default test settings for a local test run.</Description>
    <Deployment enabled="false" runDeploymentRoot="usuario_HP 2014-08-03 01_14_27" />
    <Execution>
      <TestTypeSpecific />
      <AgentRule name="Execution Agents">
      </AgentRule>
    </Execution>
  </TestSettings>
  <Times creation="2014-08-03T01:14:27.4275548-05:00" queuing="2014-08-03T01:14:28.3733152-05:00" start="2014-08-03T01:14:28.4898408-05:00" finish="2014-08-03T01:14:43.2093254-05:00" />
  <ResultSummary outcome="Failed">
    <Counters total="1" executed="1" error="0" failed="1" timeout="0" aborted="0" inconclusive="0" passedButRunAborted="0" notRunnable="0" notExecuted="0" disconnected="0" warning="0" passed="0" completed="0" inProgress="0" pending="0" />
  </ResultSummary>
  <TestDefinitions>
    <UnitTest name="CrearReserva" storage="r:\upc\distribuidos\proyecto\proyecto\zoologico\bin\debug\zoologico.dll" id="511e0812-edd8-7682-601e-c76ec40b2c15">
      <Execution id="1b2be95f-1e21-42f8-9ccb-5176e6643f18" />
      <TestMethod codeBase="R:/UPC/Distribuidos/Proyecto/Proyecto/Zoologico/bin/Debug/Zoologico.DLL" adapterTypeName="Microsoft.VisualStudio.TestTools.TestTypes.Unit.UnitTestAdapter, Microsoft.VisualStudio.QualityTools.Tips.UnitTest.Adapter, Version=10.0.0.0, Culture=neutral, PublicKeyToken=b03f5f7f11d50a3a" className="Zoologico.RESTUnitTests, Zoologico, Version=1.0.0.0, Culture=neutral, PublicKeyToken=null" name="CrearReserva" />
    </UnitTest>
  </TestDefinitions>
  <TestLists>
    <TestList name="Results Not in a List" id="8c84fa94-04c1-424b-9868-57a2d4851a1d" />
    <TestList name="All Loaded Results" id="19431567-8539-422a-85d7-44ee4e166bda" />
  </TestLists>
  <TestEntries>
    <TestEntry testId="511e0812-edd8-7682-601e-c76ec40b2c15" executionId="1b2be95f-1e21-42f8-9ccb-5176e6643f18" testListId="8c84fa94-04c1-424b-9868-57a2d4851a1d" />
  </TestEntries>
  <Results>
    <UnitTestResult executionId="1b2be95f-1e21-42f8-9ccb-5176e6643f18" testId="511e0812-edd8-7682-601e-c76ec40b2c15" testName="CrearReserva" computerName="HP" duration="00:00:13.6915606" startTime="2014-08-03T01:14:28.5765450-05:00" endTime="2014-08-03T01:14:43.1632948-05:00" testType="13cdc9d9-ddb5-4fa4-a97d-d965ccfc6d4b" outcome="Failed" testListId="8c84fa94-04c1-424b-9868-57a2d4851a1d" relativeResultsDirectory="1b2be95f-1e21-42f8-9ccb-5176e6643f18">
      <Output>
        <ErrorInfo>
          <Message>Assert.AreEqual failed. Expected:&lt;4 (System.String)&gt;. Actual:&lt;44 (System.Int32)&gt;. </Message>
          <StackTrace>   en Zoologico.RESTUnitTests.CrearReserva() en R:\UPC\Distribuidos\Proyecto\Proyecto\Zoologico\RESTUnitTests.cs:línea 44
</StackTrace>
        </ErrorInfo>
      </Output>
    </UnitTestResult>
  </Results>
</TestRun>