<?xml version="1.0" encoding="UTF-8"?>
<TestRun id="8d76e0ca-6413-456e-a7eb-a36e8d26fb40" name="usuario@HP 2014-08-03 01:08:37" runUser="HP\usuario" xmlns="http://microsoft.com/schemas/VisualStudio/TeamTest/2010">
  <TestSettings name="Local" id="0fda92f3-4914-4cb8-8df3-31deca771d1f">
    <Description>These are default test settings for a local test run.</Description>
    <Deployment enabled="false" runDeploymentRoot="usuario_HP 2014-08-03 01_08_37" />
    <Execution>
      <TestTypeSpecific />
      <AgentRule name="Execution Agents">
      </AgentRule>
    </Execution>
  </TestSettings>
  <Times creation="2014-08-03T01:08:37.8262269-05:00" queuing="2014-08-03T01:08:39.5811658-05:00" start="2014-08-03T01:08:39.6988129-05:00" finish="2014-08-03T01:09:19.4269268-05:00" />
  <ResultSummary outcome="Error">
    <Counters total="4" executed="3" error="0" failed="2" timeout="0" aborted="1" inconclusive="0" passedButRunAborted="0" notRunnable="0" notExecuted="1" disconnected="0" warning="0" passed="0" completed="0" inProgress="0" pending="0" />
    <RunInfos>
      <RunInfo computerName="HP" outcome="Error" timestamp="2014-08-03T01:09:19.4219203-05:00">
        <Text>Test host process exited unexpectedly.</Text>
      </RunInfo>
    </RunInfos>
  </ResultSummary>
  <TestDefinitions>
    <UnitTest name="listar" storage="r:\upc\distribuidos\proyecto\proyecto\zoologico\bin\debug\zoologico.dll" id="252f3117-e5ee-8cfb-463f-697079c9fd33">
      <Execution id="c27c244c-c637-4198-a89d-2d644b304f81" />
      <TestMethod codeBase="R:/UPC/Distribuidos/Proyecto/Proyecto/Zoologico/bin/Debug/Zoologico.DLL" adapterTypeName="Microsoft.VisualStudio.TestTools.TestTypes.Unit.UnitTestAdapter, Microsoft.VisualStudio.QualityTools.Tips.UnitTest.Adapter, Version=10.0.0.0, Culture=neutral, PublicKeyToken=b03f5f7f11d50a3a" className="Zoologico.UnitTest1, Zoologico, Version=1.0.0.0, Culture=neutral, PublicKeyToken=null" name="listar" />
    </UnitTest>
    <UnitTest name="ListarReserva" storage="r:\upc\distribuidos\proyecto\proyecto\zoologico\bin\debug\zoologico.dll" id="0b853264-5142-3363-e6c0-9e1f4969e1c8">
      <Execution id="64792195-fc71-4b1d-bfee-3a4c1817577c" />
      <TestMethod codeBase="R:/UPC/Distribuidos/Proyecto/Proyecto/Zoologico/bin/Debug/Zoologico.DLL" adapterTypeName="Microsoft.VisualStudio.TestTools.TestTypes.Unit.UnitTestAdapter, Microsoft.VisualStudio.QualityTools.Tips.UnitTest.Adapter, Version=10.0.0.0, Culture=neutral, PublicKeyToken=b03f5f7f11d50a3a" className="Zoologico.RESTUnitTests, Zoologico, Version=1.0.0.0, Culture=neutral, PublicKeyToken=null" name="ListarReserva" />
    </UnitTest>
    <UnitTest name="obtenerInstitucionRUC" storage="r:\upc\distribuidos\proyecto\proyecto\zoologico\bin\debug\zoologico.dll" id="ac567664-e6ff-8d21-c441-265c97ab8296">
      <Execution id="144e69e1-fc51-45dc-90ab-86988031a4e9" />
      <TestMethod codeBase="R:/UPC/Distribuidos/Proyecto/Proyecto/Zoologico/bin/Debug/Zoologico.DLL" adapterTypeName="Microsoft.VisualStudio.TestTools.TestTypes.Unit.UnitTestAdapter, Microsoft.VisualStudio.QualityTools.Tips.UnitTest.Adapter, Version=10.0.0.0, Culture=neutral, PublicKeyToken=b03f5f7f11d50a3a" className="Zoologico.UnitTest1, Zoologico, Version=1.0.0.0, Culture=neutral, PublicKeyToken=null" name="obtenerInstitucionRUC" />
    </UnitTest>
    <UnitTest name="CrearReserva" storage="r:\upc\distribuidos\proyecto\proyecto\zoologico\bin\debug\zoologico.dll" id="511e0812-edd8-7682-601e-c76ec40b2c15">
      <Execution id="8728825d-3d38-4e9f-97b0-75d51fa10780" />
      <TestMethod codeBase="R:/UPC/Distribuidos/Proyecto/Proyecto/Zoologico/bin/Debug/Zoologico.DLL" adapterTypeName="Microsoft.VisualStudio.TestTools.TestTypes.Unit.UnitTestAdapter, Microsoft.VisualStudio.QualityTools.Tips.UnitTest.Adapter, Version=10.0.0.0, Culture=neutral, PublicKeyToken=b03f5f7f11d50a3a" className="Zoologico.RESTUnitTests, Zoologico, Version=1.0.0.0, Culture=neutral, PublicKeyToken=null" name="CrearReserva" />
    </UnitTest>
  </TestDefinitions>
  <TestLists>
    <TestList name="Results Not in a List" id="8c84fa94-04c1-424b-9868-57a2d4851a1d" />
    <TestList name="All Loaded Results" id="19431567-8539-422a-85d7-44ee4e166bda" />
  </TestLists>
  <TestEntries>
    <TestEntry testId="0b853264-5142-3363-e6c0-9e1f4969e1c8" executionId="64792195-fc71-4b1d-bfee-3a4c1817577c" testListId="8c84fa94-04c1-424b-9868-57a2d4851a1d" />
    <TestEntry testId="252f3117-e5ee-8cfb-463f-697079c9fd33" executionId="c27c244c-c637-4198-a89d-2d644b304f81" testListId="8c84fa94-04c1-424b-9868-57a2d4851a1d" />
    <TestEntry testId="511e0812-edd8-7682-601e-c76ec40b2c15" executionId="8728825d-3d38-4e9f-97b0-75d51fa10780" testListId="8c84fa94-04c1-424b-9868-57a2d4851a1d" />
    <TestEntry testId="ac567664-e6ff-8d21-c441-265c97ab8296" executionId="144e69e1-fc51-45dc-90ab-86988031a4e9" testListId="8c84fa94-04c1-424b-9868-57a2d4851a1d" />
  </TestEntries>
  <Results>
    <UnitTestResult executionId="64792195-fc71-4b1d-bfee-3a4c1817577c" testId="0b853264-5142-3363-e6c0-9e1f4969e1c8" testName="ListarReserva" computerName="HP" duration="00:00:18.6463286" startTime="2014-08-03T01:08:39.7804162-05:00" endTime="2014-08-03T01:08:59.2764876-05:00" testType="13cdc9d9-ddb5-4fa4-a97d-d965ccfc6d4b" outcome="Failed" testListId="8c84fa94-04c1-424b-9868-57a2d4851a1d" relativeResultsDirectory="64792195-fc71-4b1d-bfee-3a4c1817577c">
      <Output>
        <ErrorInfo>
          <Message>Assert.AreEqual failed. Expected:&lt;3&gt;. Actual:&lt;1&gt;. </Message>
          <StackTrace>   en Zoologico.RESTUnitTests.ListarReserva() en R:\UPC\Distribuidos\Proyecto\Proyecto\Zoologico\RESTUnitTests.cs:línea 77
</StackTrace>
        </ErrorInfo>
      </Output>
    </UnitTestResult>
    <UnitTestResult executionId="c27c244c-c637-4198-a89d-2d644b304f81" testId="252f3117-e5ee-8cfb-463f-697079c9fd33" testName="listar" computerName="HP" duration="00:00:03.9318766" startTime="2014-08-03T01:08:59.2824931-05:00" endTime="2014-08-03T01:09:03.2977352-05:00" testType="13cdc9d9-ddb5-4fa4-a97d-d965ccfc6d4b" outcome="Failed" testListId="8c84fa94-04c1-424b-9868-57a2d4851a1d" relativeResultsDirectory="c27c244c-c637-4198-a89d-2d644b304f81">
      <Output>
        <ErrorInfo>
          <Message>Test method Zoologico.UnitTest1.listar threw exception: 
System.ServiceModel.EndpointNotFoundException: No había ningún extremo escuchando en http://localhost:3526/GestionarInstitucion.svc que pudiera aceptar el mensaje. La causa suele ser una dirección o una acción SOAP incorrecta. Consulte InnerException, si está presente, para obtener más información. ---&gt; System.Net.WebException: No es posible conectar con el servidor remoto ---&gt; System.Net.Sockets.SocketException: No se puede establecer una conexión ya que el equipo de destino denegó expresamente dicha conexión 127.0.0.1:3526</Message>
          <StackTrace>    en System.Net.Sockets.Socket.DoConnect(EndPoint endPointSnapshot, SocketAddress socketAddress)
   en System.Net.ServicePoint.ConnectSocketInternal(Boolean connectFailure, Socket s4, Socket s6, Socket&amp; socket, IPAddress&amp; address, ConnectSocketState state, IAsyncResult asyncResult, Exception&amp; exception)
 --- End of inner exception stack trace ---
    en System.Net.HttpWebRequest.GetRequestStream(TransportContext&amp; context)
   en System.Net.HttpWebRequest.GetRequestStream()
   en System.ServiceModel.Channels.HttpOutput.WebRequestHttpOutput.GetOutputStream()
 --- End of inner exception stack trace ---
 
Server stack trace: 
   en System.ServiceModel.Channels.HttpOutput.WebRequestHttpOutput.GetOutputStream()
   en System.ServiceModel.Channels.HttpOutput.Send(TimeSpan timeout)
   en System.ServiceModel.Channels.HttpChannelFactory`1.HttpRequestChannel.HttpChannelRequest.SendRequest(Message message, TimeSpan timeout)
   en System.ServiceModel.Channels.RequestChannel.Request(Message message, TimeSpan timeout)
   en System.ServiceModel.Dispatcher.RequestChannelBinder.Request(Message message, TimeSpan timeout)
   en System.ServiceModel.Channels.ServiceChannel.Call(String action, Boolean oneway, ProxyOperationRuntime operation, Object[] ins, Object[] outs, TimeSpan timeout)
   en System.ServiceModel.Channels.ServiceChannelProxy.InvokeService(IMethodCallMessage methodCall, ProxyOperationRuntime operation)
   en System.ServiceModel.Channels.ServiceChannelProxy.Invoke(IMessage message)
Exception rethrown at [0]: 
   en System.Runtime.Remoting.Proxies.RealProxy.HandleReturnMessage(IMessage reqMsg, IMessage retMsg)
   en System.Runtime.Remoting.Proxies.RealProxy.PrivateInvoke(MessageData&amp; msgData, Int32 type)
   en Zoologico.InstitucionesWS.IGestionarSede.ListaInstitucion()
   en Zoologico.InstitucionesWS.GestionarSedeClient.ListaInstitucion() en R:\UPC\Distribuidos\Proyecto\Proyecto\Zoologico\Service References\InstitucionesWS\Reference.cs:línea 189
   en Zoologico.UnitTest1.listar() en R:\UPC\Distribuidos\Proyecto\Proyecto\Zoologico\UnitTest1.cs:línea 25
</StackTrace>
        </ErrorInfo>
      </Output>
    </UnitTestResult>
    <UnitTestResult executionId="8728825d-3d38-4e9f-97b0-75d51fa10780" testId="511e0812-edd8-7682-601e-c76ec40b2c15" testName="CrearReserva" computerName="HP" duration="00:00:16.1044063" startTime="2014-08-03T01:09:03.3225205-05:00" endTime="2014-08-03T01:09:19.4269268-05:00" testType="13cdc9d9-ddb5-4fa4-a97d-d965ccfc6d4b" outcome="Aborted" testListId="8c84fa94-04c1-424b-9868-57a2d4851a1d" relativeResultsDirectory="8728825d-3d38-4e9f-97b0-75d51fa10780">
    </UnitTestResult>
    <UnitTestResult executionId="144e69e1-fc51-45dc-90ab-86988031a4e9" testId="ac567664-e6ff-8d21-c441-265c97ab8296" testName="obtenerInstitucionRUC" computerName="HP" testType="13cdc9d9-ddb5-4fa4-a97d-d965ccfc6d4b" outcome="NotExecuted" testListId="8c84fa94-04c1-424b-9868-57a2d4851a1d" relativeResultsDirectory="144e69e1-fc51-45dc-90ab-86988031a4e9">
    </UnitTestResult>
  </Results>
</TestRun>